<?xml version="1.0" encoding="UTF-8"?>
<!-- Generated by org.testng.reporters.JUnitXMLReporter -->
<testsuite ignored="7" hostname="LAPTOP-Q01D263N" failures="0" tests="5" name="Default test" time="8.396" errors="0" timestamp="2025-05-04T15:55:17 EET">
  <testcase classname="AutomationFinaleProject_April.AutomationFinaleProject_April.AppTest" name="ChangeTheWebsiteLanaguage" time="1.224"/>
  <testcase classname="AutomationFinaleProject_April.AutomationFinaleProject_April.AppTest" name="ChangeTheWebsiteLanaguage" time="0.927"/>
  <testcase classname="AutomationFinaleProject_April.AutomationFinaleProject_April.AppTest" name="ChangeTheWebsiteLanaguage" time="0.707"/>
  <testcase classname="AutomationFinaleProject_April.AutomationFinaleProject_April.AppTest" name="ChangeTheWebsiteLanaguage" time="0.809"/>
  <testcase classname="AutomationFinaleProject_April.AutomationFinaleProject_April.AppTest" name="ChangeTheWebsiteLanaguage" time="0.793"/>
  <testcase classname="AutomationFinaleProject_April.AutomationFinaleProject_April.AppTest" name="CheckTheDateOfTheDeparture" time="0.0">
    <ignored/>
  </testcase> <!-- CheckTheDateOfTheDeparture -->
  <testcase classname="AutomationFinaleProject_April.AutomationFinaleProject_April.AppTest" name="CheckCurrency" time="0.0">
    <ignored/>
  </testcase> <!-- CheckCurrency -->
  <testcase classname="AutomationFinaleProject_April.AutomationFinaleProject_April.AppTest" name="CheckContactNumber" time="0.0">
    <ignored/>
  </testcase> <!-- CheckContactNumber -->
  <testcase classname="AutomationFinaleProject_April.AutomationFinaleProject_April.AppTest" name="CheckTheStaysTabNotSelected" time="0.0">
    <ignored/>
  </testcase> <!-- CheckTheStaysTabNotSelected -->
  <testcase classname="AutomationFinaleProject_April.AutomationFinaleProject_April.AppTest" name="CheckTheDateOfTheReturn" time="0.0">
    <ignored/>
  </testcase> <!-- CheckTheDateOfTheReturn -->
  <testcase classname="AutomationFinaleProject_April.AutomationFinaleProject_April.AppTest" name="CheckTheWebSiteLunguage" time="0.0">
    <ignored/>
  </testcase> <!-- CheckTheWebSiteLunguage -->
  <testcase classname="AutomationFinaleProject_April.AutomationFinaleProject_April.AppTest" name="CheckQitafLogo" time="0.0">
    <ignored/>
  </testcase> <!-- CheckQitafLogo -->
</testsuite> <!-- Default test -->
